Arguments: 
  /home/muse/.nvm/versions/node/v14.4.0/bin/node /usr/share/yarn/bin/yarn.js add @react-native-community/checkbox @react-native-community/masked-view @react-navigation/bottom-tabs @react-navigation/native @react-navigation/stack radio-buttons-react-native react-native-actions-sheet react-native-gesture-handler react-native-paper react-native-reanimated react-native-safe-area-context react-native-screens react-native-vector-icons

PATH: 
  /home/muse/.nvm/versions/node/v14.4.0/bin:/usr/local/sbin:/usr/local/bin:/usr/sbin:/usr/bin:/sbin:/bin:/usr/games:/usr/local/games:/snap/bin

Yarn version: 
  1.22.5

Node version: 
  14.4.0

Platform: 
  linux x64

Trace: 
  Error: getaddrinfo ENOTFOUND registry.yarnpkg.com
      at GetAddrInfoReqWrap.onlookup [as oncomplete] (dns.js:66:26)

npm manifest: 
  {
    "main": "node_modules/expo/AppEntry.js",
    "scripts": {
      "start": "expo start",
      "android": "expo start --android",
      "ios": "expo start --ios",
      "web": "expo start --web",
      "eject": "expo eject"
    },
    "dependencies": {
      "expo": "~41.0.1",
      "expo-status-bar": "~1.0.4",
      "npm": "^7.15.1",
      "react": "16.13.1",
      "react-dom": "16.13.1",
      "react-native": "https://github.com/expo/react-native/archive/sdk-41.0.0.tar.gz",
      "react-native-web": "~0.13.12"
    },
    "devDependencies": {
      "@babel/core": "^7.9.0"
    },
    "engine":{
      "node": ">=12"
    },
    "private": true
  }

yarn manifest: 
  No manifest

Lockfile: 
  No lockfile
